<?xml version="1.0" encoding="UTF-8"?>
<testng-results ignored="0" total="1" passed="1" failed="0" skipped="0">
  <reporter-output>
  </reporter-output>
  <suite started-at="2026-06-24T14:54:21 IST" name="Suite" finished-at="2026-06-24T14:54:21 IST" duration-ms="145">
    <groups>
      <group name="smoke">
        <method signature="Gdemo1.movieTest()[pri:0, instance:GitDemo.Gdemo1@6c64cb25]" name="movieTest" class="GitDemo.Gdemo1"/>
      </group> <!-- smoke -->
    </groups>
    <test started-at="2026-06-24T14:54:21 IST" name="Test" finished-at="2026-06-24T14:54:21 IST" duration-ms="145">
      <class name="GitDemo.Gdemo1">
        <test-method signature="movieTest()[pri:0, instance:GitDemo.Gdemo1@6c64cb25]" started-at="2026-06-24T14:54:21 IST" name="movieTest" finished-at="2026-06-24T14:54:21 IST" duration-ms="28" status="PASS">
          <reporter-output>
          </reporter-output>
        </test-method> <!-- movieTest -->
      </class> <!-- GitDemo.Gdemo1 -->
    </test> <!-- Test -->
  </suite> <!-- Suite -->
</testng-results>
